This file contains any messages produced by compilers while
running configure, to aid debugging if configure makes a mistake.

It was created by PolyORB-HI/C configure 2017.x, which was
generated by GNU Autoconf 2.69.  Invocation command line was

  $ ./configure 

## --------- ##
## Platform. ##
## --------- ##

hostname = prise-space-6
uname -m = i686
uname -r = 4.9.0-4-686
uname -s = Linux
uname -v = #1 SMP Debian 4.9.51-1 (2017-09-28)

/usr/bin/uname -p = unknown
/bin/uname -X     = unknown

/bin/arch              = unknown
/usr/bin/arch -k       = unknown
/usr/convex/getsysinfo = unknown
/usr/bin/hostinfo      = unknown
/bin/machine           = unknown
/usr/bin/oslevel       = unknown
/bin/universe          = unknown

PATH: /home/francis/ocarina-build/ocarina_install/bin/
PATH: /opt/rcc-1.3-rc4/bin
PATH: /usr/local/bin
PATH: /usr/bin
PATH: /bin
PATH: /usr/local/games
PATH: /usr/games


## ----------- ##
## Core tests. ##
## ----------- ##

configure:2454: checking build system type
configure:2468: result: i686-pc-linux-gnu
configure:2488: checking host system type
configure:2501: result: i686-pc-linux-gnu
configure:2537: checking for a BSD-compatible install
configure:2605: result: /usr/bin/install -c
configure:2616: checking whether build environment is sane
configure:2671: result: yes
configure:2822: checking for a thread-safe mkdir -p
configure:2861: result: /bin/mkdir -p
configure:2868: checking for gawk
configure:2898: result: no
configure:2868: checking for mawk
configure:2884: found /usr/bin/mawk
configure:2895: result: mawk
configure:2906: checking whether make sets $(MAKE)
configure:2928: result: yes
configure:2957: checking whether make supports nested variables
configure:2974: result: yes
configure:3053: checking how to create a pax tar archive
configure:3064: tar --version
tar (GNU tar) 1.29
Copyright (C) 2015 Free Software Foundation, Inc.
License GPLv3+: GNU GPL version 3 or later <http://gnu.org/licenses/gpl.html>.
This is free software: you are free to change and redistribute it.
There is NO WARRANTY, to the extent permitted by law.

Written by John Gilmore and Jay Fenlason.
configure:3067: $? = 0
configure:3107: tardir=conftest.dir && eval tar --format=posix -chf - "$tardir" >conftest.tar
configure:3110: $? = 0
configure:3114: tar -xf - <conftest.tar
configure:3117: $? = 0
configure:3119: cat conftest.dir/file
GrepMe
configure:3122: $? = 0
configure:3135: result: gnutar
configure:3238: checking for gcc
configure:3254: found /usr/bin/gcc
configure:3265: result: gcc
configure:3494: checking for C compiler version
configure:3503: gcc --version >&5
gcc (Debian 6.3.0-18+deb9u1) 6.3.0 20170516
Copyright (C) 2016 Free Software Foundation, Inc.
This is free software; see the source for copying conditions.  There is NO
warranty; not even for MERCHANTABILITY or FITNESS FOR A PARTICULAR PURPOSE.

configure:3514: $? = 0
configure:3503: gcc -v >&5
Using built-in specs.
COLLECT_GCC=gcc
COLLECT_LTO_WRAPPER=/usr/lib/gcc/i686-linux-gnu/6/lto-wrapper
Target: i686-linux-gnu
Configured with: ../src/configure -v --with-pkgversion='Debian 6.3.0-18+deb9u1' --with-bugurl=file:///usr/share/doc/gcc-6/README.Bugs --enable-languages=c,ada,c++,java,go,d,fortran,objc,obj-c++ --prefix=/usr --program-suffix=-6 --program-prefix=i686-linux-gnu- --enable-shared --enable-linker-build-id --libexecdir=/usr/lib --without-included-gettext --enable-threads=posix --libdir=/usr/lib --enable-nls --with-sysroot=/ --enable-clocale=gnu --enable-libstdcxx-debug --enable-libstdcxx-time=yes --with-default-libstdcxx-abi=new --enable-gnu-unique-object --disable-vtable-verify --enable-libmpx --enable-plugin --enable-default-pie --with-system-zlib --disable-browser-plugin --enable-java-awt=gtk --enable-gtk-cairo --with-java-home=/usr/lib/jvm/java-1.5.0-gcj-6-i386/jre --enable-java-home --with-jvm-root-dir=/usr/lib/jvm/java-1.5.0-gcj-6-i386 --with-jvm-jar-dir=/usr/lib/jvm-exports/java-1.5.0-gcj-6-i386 --with-arch-directory=i386 --with-ecj-jar=/usr/share/java/eclipse-ecj.jar --with-target-system-zlib --enable-objc-gc=auto --enable-targets=all --enable-multiarch --with-arch-32=i686 --with-multilib-list=m32,m64,mx32 --enable-multilib --with-tune=generic --enable-checking=release --build=i686-linux-gnu --host=i686-linux-gnu --target=i686-linux-gnu
Thread model: posix
gcc version 6.3.0 20170516 (Debian 6.3.0-18+deb9u1) 
configure:3514: $? = 0
configure:3503: gcc -V >&5
gcc: error: unrecognized command line option '-V'
gcc: fatal error: no input files
compilation terminated.
configure:3514: $? = 1
configure:3503: gcc -qversion >&5
gcc: error: unrecognized command line option '-qversion'; did you mean '--version'?
gcc: fatal error: no input files
compilation terminated.
configure:3514: $? = 1
configure:3534: checking whether the C compiler works
configure:3556: gcc    conftest.c  >&5
configure:3560: $? = 0
configure:3608: result: yes
configure:3611: checking for C compiler default output file name
configure:3613: result: a.out
configure:3619: checking for suffix of executables
configure:3626: gcc -o conftest    conftest.c  >&5
configure:3630: $? = 0
configure:3652: result: 
configure:3674: checking whether we are cross compiling
configure:3682: gcc -o conftest    conftest.c  >&5
configure:3686: $? = 0
configure:3693: ./conftest
configure:3697: $? = 0
configure:3712: result: no
configure:3717: checking for suffix of object files
configure:3739: gcc -c   conftest.c >&5
configure:3743: $? = 0
configure:3764: result: o
configure:3768: checking whether we are using the GNU C compiler
configure:3787: gcc -c   conftest.c >&5
configure:3787: $? = 0
configure:3796: result: yes
configure:3805: checking whether gcc accepts -g
configure:3825: gcc -c -g  conftest.c >&5
configure:3825: $? = 0
configure:3866: result: yes
configure:3883: checking for gcc option to accept ISO C89
configure:3946: gcc  -c -g -O2  conftest.c >&5
configure:3946: $? = 0
configure:3959: result: none needed
configure:3984: checking whether gcc understands -c and -o together
configure:4006: gcc -c conftest.c -o conftest2.o
configure:4009: $? = 0
configure:4006: gcc -c conftest.c -o conftest2.o
configure:4009: $? = 0
configure:4021: result: yes
configure:4049: checking for style of include used by make
configure:4077: result: GNU
configure:4103: checking dependency style of gcc
configure:4214: result: none
configure:4242: checking for mv
configure:4258: found /bin/mv
configure:4269: result: mv
configure:4279: checking for rm
configure:4295: found /bin/rm
configure:4306: result: rm
configure:4316: checking for cp
configure:4332: found /bin/cp
configure:4343: result: cp
configure:4353: checking for grep
configure:4369: found /bin/grep
configure:4380: result: grep
configure:4390: checking for chmod
configure:4406: found /bin/chmod
configure:4417: result: chmod
configure:4427: checking for tex
configure:4457: result: no
configure:4464: checking for bibtex
configure:4494: result: no
configure:4506: checking how to run the C preprocessor
configure:4537: gcc -E  conftest.c
configure:4537: $? = 0
configure:4551: gcc -E  conftest.c
conftest.c:11:28: fatal error: ac_nonexistent.h: No such file or directory
 #include <ac_nonexistent.h>
                            ^
compilation terminated.
configure:4551: $? = 1
configure: failed program was:
| /* confdefs.h */
| #define PACKAGE_NAME "PolyORB-HI/C"
| #define PACKAGE_TARNAME "polyorb-hi-c"
| #define PACKAGE_VERSION "2017.x"
| #define PACKAGE_STRING "PolyORB-HI/C 2017.x"
| #define PACKAGE_BUGREPORT ""
| #define PACKAGE_URL ""
| #define PACKAGE "polyorb-hi-c"
| #define VERSION "2017.x"
| /* end confdefs.h.  */
| #include <ac_nonexistent.h>
configure:4576: result: gcc -E
configure:4596: gcc -E  conftest.c
configure:4596: $? = 0
configure:4610: gcc -E  conftest.c
conftest.c:11:28: fatal error: ac_nonexistent.h: No such file or directory
 #include <ac_nonexistent.h>
                            ^
compilation terminated.
configure:4610: $? = 1
configure: failed program was:
| /* confdefs.h */
| #define PACKAGE_NAME "PolyORB-HI/C"
| #define PACKAGE_TARNAME "polyorb-hi-c"
| #define PACKAGE_VERSION "2017.x"
| #define PACKAGE_STRING "PolyORB-HI/C 2017.x"
| #define PACKAGE_BUGREPORT ""
| #define PACKAGE_URL ""
| #define PACKAGE "polyorb-hi-c"
| #define VERSION "2017.x"
| /* end confdefs.h.  */
| #include <ac_nonexistent.h>
configure:4639: checking for grep that handles long lines and -e
configure:4697: result: grep
configure:4702: checking for egrep
configure:4764: result: grep -E
configure:4769: checking for ANSI C header files
configure:4789: gcc -c -g -O2  conftest.c >&5
configure:4789: $? = 0
configure:4862: gcc -o conftest -g -O2   conftest.c  >&5
configure:4862: $? = 0
configure:4862: ./conftest
configure:4862: $? = 0
configure:4873: result: yes
configure:4886: checking for sys/types.h
configure:4886: gcc -c -g -O2  conftest.c >&5
configure:4886: $? = 0
configure:4886: result: yes
configure:4886: checking for sys/stat.h
configure:4886: gcc -c -g -O2  conftest.c >&5
configure:4886: $? = 0
configure:4886: result: yes
configure:4886: checking for stdlib.h
configure:4886: gcc -c -g -O2  conftest.c >&5
configure:4886: $? = 0
configure:4886: result: yes
configure:4886: checking for string.h
configure:4886: gcc -c -g -O2  conftest.c >&5
configure:4886: $? = 0
configure:4886: result: yes
configure:4886: checking for memory.h
configure:4886: gcc -c -g -O2  conftest.c >&5
configure:4886: $? = 0
configure:4886: result: yes
configure:4886: checking for strings.h
configure:4886: gcc -c -g -O2  conftest.c >&5
configure:4886: $? = 0
configure:4886: result: yes
configure:4886: checking for inttypes.h
configure:4886: gcc -c -g -O2  conftest.c >&5
configure:4886: $? = 0
configure:4886: result: yes
configure:4886: checking for stdint.h
configure:4886: gcc -c -g -O2  conftest.c >&5
configure:4886: $? = 0
configure:4886: result: yes
configure:4886: checking for unistd.h
configure:4886: gcc -c -g -O2  conftest.c >&5
configure:4886: $? = 0
configure:4886: result: yes
configure:4898: checking for stdbool.h that conforms to C99
configure:4965: gcc -c -g -O2  conftest.c >&5
configure:4965: $? = 0
configure:4972: result: yes
configure:4974: checking for _Bool
configure:4974: gcc -c -g -O2  conftest.c >&5
configure:4974: $? = 0
configure:4974: gcc -c -g -O2  conftest.c >&5
conftest.c: In function 'main':
conftest.c:57:20: error: expected expression before ')' token
 if (sizeof ((_Bool)))
                    ^
configure:4974: $? = 1
configure: failed program was:
| /* confdefs.h */
| #define PACKAGE_NAME "PolyORB-HI/C"
| #define PACKAGE_TARNAME "polyorb-hi-c"
| #define PACKAGE_VERSION "2017.x"
| #define PACKAGE_STRING "PolyORB-HI/C 2017.x"
| #define PACKAGE_BUGREPORT ""
| #define PACKAGE_URL ""
| #define PACKAGE "polyorb-hi-c"
| #define VERSION "2017.x"
| #define STDC_HEADERS 1
| #define HAVE_SYS_TYPES_H 1
| #define HAVE_SYS_STAT_H 1
| #define HAVE_STDLIB_H 1
| #define HAVE_STRING_H 1
| #define HAVE_MEMORY_H 1
| #define HAVE_STRINGS_H 1
| #define HAVE_INTTYPES_H 1
| #define HAVE_STDINT_H 1
| #define HAVE_UNISTD_H 1
| /* end confdefs.h.  */
| #include <stdio.h>
| #ifdef HAVE_SYS_TYPES_H
| # include <sys/types.h>
| #endif
| #ifdef HAVE_SYS_STAT_H
| # include <sys/stat.h>
| #endif
| #ifdef STDC_HEADERS
| # include <stdlib.h>
| # include <stddef.h>
| #else
| # ifdef HAVE_STDLIB_H
| #  include <stdlib.h>
| # endif
| #endif
| #ifdef HAVE_STRING_H
| # if !defined STDC_HEADERS && defined HAVE_MEMORY_H
| #  include <memory.h>
| # endif
| # include <string.h>
| #endif
| #ifdef HAVE_STRINGS_H
| # include <strings.h>
| #endif
| #ifdef HAVE_INTTYPES_H
| # include <inttypes.h>
| #endif
| #ifdef HAVE_STDINT_H
| # include <stdint.h>
| #endif
| #ifdef HAVE_UNISTD_H
| # include <unistd.h>
| #endif
| int
| main ()
| {
| if (sizeof ((_Bool)))
| 	    return 0;
|   ;
|   return 0;
| }
configure:4974: result: yes
configure:4996: checking size of char
configure:5001: gcc -o conftest -g -O2   conftest.c  >&5
configure:5001: $? = 0
configure:5001: ./conftest
configure:5001: $? = 0
configure:5015: result: 1
configure:5029: checking size of float
configure:5034: gcc -o conftest -g -O2   conftest.c  >&5
configure:5034: $? = 0
configure:5034: ./conftest
configure:5034: $? = 0
configure:5048: result: 4
configure:5062: checking size of double
configure:5067: gcc -o conftest -g -O2   conftest.c  >&5
configure:5067: $? = 0
configure:5067: ./conftest
configure:5067: $? = 0
configure:5081: result: 8
configure:5095: checking size of long double
configure:5100: gcc -o conftest -g -O2   conftest.c  >&5
configure:5100: $? = 0
configure:5100: ./conftest
configure:5100: $? = 0
configure:5114: result: 12
configure:5128: checking size of int
configure:5133: gcc -o conftest -g -O2   conftest.c  >&5
configure:5133: $? = 0
configure:5133: ./conftest
configure:5133: $? = 0
configure:5147: result: 4
configure:5161: checking size of unsigned int
configure:5166: gcc -o conftest -g -O2   conftest.c  >&5
configure:5166: $? = 0
configure:5166: ./conftest
configure:5166: $? = 0
configure:5180: result: 4
configure:5194: checking size of long int
configure:5199: gcc -o conftest -g -O2   conftest.c  >&5
configure:5199: $? = 0
configure:5199: ./conftest
configure:5199: $? = 0
configure:5213: result: 4
configure:5227: checking size of unsigned long int
configure:5232: gcc -o conftest -g -O2   conftest.c  >&5
configure:5232: $? = 0
configure:5232: ./conftest
configure:5232: $? = 0
configure:5246: result: 4
configure:5260: checking size of short int
configure:5265: gcc -o conftest -g -O2   conftest.c  >&5
configure:5265: $? = 0
configure:5265: ./conftest
configure:5265: $? = 0
configure:5279: result: 2
configure:5293: checking size of unsigned short int
configure:5298: gcc -o conftest -g -O2   conftest.c  >&5
configure:5298: $? = 0
configure:5298: ./conftest
configure:5298: $? = 0
configure:5312: result: 2
configure:5323: checking for clock_gettime
configure:5323: gcc -o conftest -g -O2   conftest.c  >&5
configure:5323: $? = 0
configure:5323: result: yes
configure:5331: checking whether byte ordering is bigendian
configure:5346: gcc -c -g -O2  conftest.c >&5
conftest.c:35:9: error: unknown type name 'not'
         not a universal capable compiler
         ^~~
conftest.c:35:15: error: expected '=', ',', ';', 'asm' or '__attribute__' before 'universal'
         not a universal capable compiler
               ^~~~~~~~~
conftest.c:35:15: error: unknown type name 'universal'
configure:5346: $? = 1
configure: failed program was:
| /* confdefs.h */
| #define PACKAGE_NAME "PolyORB-HI/C"
| #define PACKAGE_TARNAME "polyorb-hi-c"
| #define PACKAGE_VERSION "2017.x"
| #define PACKAGE_STRING "PolyORB-HI/C 2017.x"
| #define PACKAGE_BUGREPORT ""
| #define PACKAGE_URL ""
| #define PACKAGE "polyorb-hi-c"
| #define VERSION "2017.x"
| #define STDC_HEADERS 1
| #define HAVE_SYS_TYPES_H 1
| #define HAVE_SYS_STAT_H 1
| #define HAVE_STDLIB_H 1
| #define HAVE_STRING_H 1
| #define HAVE_MEMORY_H 1
| #define HAVE_STRINGS_H 1
| #define HAVE_INTTYPES_H 1
| #define HAVE_STDINT_H 1
| #define HAVE_UNISTD_H 1
| #define HAVE__BOOL 1
| #define HAVE_STDBOOL_H 1
| #define SIZEOF_CHAR 1
| #define SIZEOF_FLOAT 4
| #define SIZEOF_DOUBLE 8
| #define SIZEOF_LONG_DOUBLE 12
| #define SIZEOF_INT 4
| #define SIZEOF_UNSIGNED_INT 4
| #define SIZEOF_LONG_INT 4
| #define SIZEOF_UNSIGNED_LONG_INT 4
| #define SIZEOF_SHORT_INT 2
| #define SIZEOF_UNSIGNED_SHORT_INT 2
| #define HAVE_CLOCK_GETTIME /**/
| /* end confdefs.h.  */
| #ifndef __APPLE_CC__
| 	       not a universal capable compiler
| 	     #endif
| 	     typedef int dummy;
| 
configure:5391: gcc -c -g -O2  conftest.c >&5
configure:5391: $? = 0
configure:5409: gcc -c -g -O2  conftest.c >&5
conftest.c: In function 'main':
conftest.c:41:4: error: unknown type name 'not'
    not big endian
    ^~~
conftest.c:41:12: error: expected '=', ',', ';', 'asm' or '__attribute__' before 'endian'
    not big endian
            ^~~~~~
configure:5409: $? = 1
configure: failed program was:
| /* confdefs.h */
| #define PACKAGE_NAME "PolyORB-HI/C"
| #define PACKAGE_TARNAME "polyorb-hi-c"
| #define PACKAGE_VERSION "2017.x"
| #define PACKAGE_STRING "PolyORB-HI/C 2017.x"
| #define PACKAGE_BUGREPORT ""
| #define PACKAGE_URL ""
| #define PACKAGE "polyorb-hi-c"
| #define VERSION "2017.x"
| #define STDC_HEADERS 1
| #define HAVE_SYS_TYPES_H 1
| #define HAVE_SYS_STAT_H 1
| #define HAVE_STDLIB_H 1
| #define HAVE_STRING_H 1
| #define HAVE_MEMORY_H 1
| #define HAVE_STRINGS_H 1
| #define HAVE_INTTYPES_H 1
| #define HAVE_STDINT_H 1
| #define HAVE_UNISTD_H 1
| #define HAVE__BOOL 1
| #define HAVE_STDBOOL_H 1
| #define SIZEOF_CHAR 1
| #define SIZEOF_FLOAT 4
| #define SIZEOF_DOUBLE 8
| #define SIZEOF_LONG_DOUBLE 12
| #define SIZEOF_INT 4
| #define SIZEOF_UNSIGNED_INT 4
| #define SIZEOF_LONG_INT 4
| #define SIZEOF_UNSIGNED_LONG_INT 4
| #define SIZEOF_SHORT_INT 2
| #define SIZEOF_UNSIGNED_SHORT_INT 2
| #define HAVE_CLOCK_GETTIME /**/
| /* end confdefs.h.  */
| #include <sys/types.h>
| 		#include <sys/param.h>
| 
| int
| main ()
| {
| #if BYTE_ORDER != BIG_ENDIAN
| 		 not big endian
| 		#endif
| 
|   ;
|   return 0;
| }
configure:5537: result: no
configure:5592: checking for socket in -lsocket
configure:5617: gcc -o conftest -Wall -O   conftest.c -lsocket   >&5
/usr/bin/ld: cannot find -lsocket
collect2: error: ld returned 1 exit status
configure:5617: $? = 1
configure: failed program was:
| /* confdefs.h */
| #define PACKAGE_NAME "PolyORB-HI/C"
| #define PACKAGE_TARNAME "polyorb-hi-c"
| #define PACKAGE_VERSION "2017.x"
| #define PACKAGE_STRING "PolyORB-HI/C 2017.x"
| #define PACKAGE_BUGREPORT ""
| #define PACKAGE_URL ""
| #define PACKAGE "polyorb-hi-c"
| #define VERSION "2017.x"
| #define STDC_HEADERS 1
| #define HAVE_SYS_TYPES_H 1
| #define HAVE_SYS_STAT_H 1
| #define HAVE_STDLIB_H 1
| #define HAVE_STRING_H 1
| #define HAVE_MEMORY_H 1
| #define HAVE_STRINGS_H 1
| #define HAVE_INTTYPES_H 1
| #define HAVE_STDINT_H 1
| #define HAVE_UNISTD_H 1
| #define HAVE__BOOL 1
| #define HAVE_STDBOOL_H 1
| #define SIZEOF_CHAR 1
| #define SIZEOF_FLOAT 4
| #define SIZEOF_DOUBLE 8
| #define SIZEOF_LONG_DOUBLE 12
| #define SIZEOF_INT 4
| #define SIZEOF_UNSIGNED_INT 4
| #define SIZEOF_LONG_INT 4
| #define SIZEOF_UNSIGNED_LONG_INT 4
| #define SIZEOF_SHORT_INT 2
| #define SIZEOF_UNSIGNED_SHORT_INT 2
| #define HAVE_CLOCK_GETTIME /**/
| /* end confdefs.h.  */
| 
| /* Override any GCC internal prototype to avoid an error.
|    Use char because int might match the return type of a GCC
|    builtin and then its argument prototype would still apply.  */
| #ifdef __cplusplus
| extern "C"
| #endif
| char socket ();
| int
| main ()
| {
| return socket ();
|   ;
|   return 0;
| }
configure:5626: result: no
configure:5685: checking for ocarina-config
configure:5703: found /home/francis/ocarina-build/ocarina_install/bin//ocarina-config
configure:5716: result: /home/francis/ocarina-build/ocarina_install/bin//ocarina-config
configure:5732: checking for Ocarina - version >= 1.1
configure:5841: checking for texi2html
configure:5871: result: no
configure:5955: checking for g++
configure:5971: found /usr/bin/g++
configure:5982: result: g++
configure:6009: checking for C++ compiler version
configure:6018: g++ --version >&5
g++ (Debian 6.3.0-18+deb9u1) 6.3.0 20170516
Copyright (C) 2016 Free Software Foundation, Inc.
This is free software; see the source for copying conditions.  There is NO
warranty; not even for MERCHANTABILITY or FITNESS FOR A PARTICULAR PURPOSE.

configure:6029: $? = 0
configure:6018: g++ -v >&5
Using built-in specs.
COLLECT_GCC=g++
COLLECT_LTO_WRAPPER=/usr/lib/gcc/i686-linux-gnu/6/lto-wrapper
Target: i686-linux-gnu
Configured with: ../src/configure -v --with-pkgversion='Debian 6.3.0-18+deb9u1' --with-bugurl=file:///usr/share/doc/gcc-6/README.Bugs --enable-languages=c,ada,c++,java,go,d,fortran,objc,obj-c++ --prefix=/usr --program-suffix=-6 --program-prefix=i686-linux-gnu- --enable-shared --enable-linker-build-id --libexecdir=/usr/lib --without-included-gettext --enable-threads=posix --libdir=/usr/lib --enable-nls --with-sysroot=/ --enable-clocale=gnu --enable-libstdcxx-debug --enable-libstdcxx-time=yes --with-default-libstdcxx-abi=new --enable-gnu-unique-object --disable-vtable-verify --enable-libmpx --enable-plugin --enable-default-pie --with-system-zlib --disable-browser-plugin --enable-java-awt=gtk --enable-gtk-cairo --with-java-home=/usr/lib/jvm/java-1.5.0-gcj-6-i386/jre --enable-java-home --with-jvm-root-dir=/usr/lib/jvm/java-1.5.0-gcj-6-i386 --with-jvm-jar-dir=/usr/lib/jvm-exports/java-1.5.0-gcj-6-i386 --with-arch-directory=i386 --with-ecj-jar=/usr/share/java/eclipse-ecj.jar --with-target-system-zlib --enable-objc-gc=auto --enable-targets=all --enable-multiarch --with-arch-32=i686 --with-multilib-list=m32,m64,mx32 --enable-multilib --with-tune=generic --enable-checking=release --build=i686-linux-gnu --host=i686-linux-gnu --target=i686-linux-gnu
Thread model: posix
gcc version 6.3.0 20170516 (Debian 6.3.0-18+deb9u1) 
configure:6029: $? = 0
configure:6018: g++ -V >&5
g++: error: unrecognized command line option '-V'
g++: fatal error: no input files
compilation terminated.
configure:6029: $? = 1
configure:6018: g++ -qversion >&5
g++: error: unrecognized command line option '-qversion'; did you mean '--version'?
g++: fatal error: no input files
compilation terminated.
configure:6029: $? = 1
configure:6033: checking whether we are using the GNU C++ compiler
configure:6052: g++ -c   conftest.cpp >&5
configure:6052: $? = 0
configure:6061: result: yes
configure:6070: checking whether g++ accepts -g
configure:6090: g++ -c -g  conftest.cpp >&5
configure:6090: $? = 0
configure:6131: result: yes
configure:6156: checking dependency style of g++
configure:6267: result: none
configure:6331: checking for boostlib >= 1.55.0
configure:6414: g++ -c -g -O2   conftest.cpp >&5
conftest.cpp:35:33: fatal error: boost/version.hpp: No such file or directory
     #include <boost/version.hpp>
                                 ^
compilation terminated.
configure:6414: $? = 1
configure: failed program was:
| /* confdefs.h */
| #define PACKAGE_NAME "PolyORB-HI/C"
| #define PACKAGE_TARNAME "polyorb-hi-c"
| #define PACKAGE_VERSION "2017.x"
| #define PACKAGE_STRING "PolyORB-HI/C 2017.x"
| #define PACKAGE_BUGREPORT ""
| #define PACKAGE_URL ""
| #define PACKAGE "polyorb-hi-c"
| #define VERSION "2017.x"
| #define STDC_HEADERS 1
| #define HAVE_SYS_TYPES_H 1
| #define HAVE_SYS_STAT_H 1
| #define HAVE_STDLIB_H 1
| #define HAVE_STRING_H 1
| #define HAVE_MEMORY_H 1
| #define HAVE_STRINGS_H 1
| #define HAVE_INTTYPES_H 1
| #define HAVE_STDINT_H 1
| #define HAVE_UNISTD_H 1
| #define HAVE__BOOL 1
| #define HAVE_STDBOOL_H 1
| #define SIZEOF_CHAR 1
| #define SIZEOF_FLOAT 4
| #define SIZEOF_DOUBLE 8
| #define SIZEOF_LONG_DOUBLE 12
| #define SIZEOF_INT 4
| #define SIZEOF_UNSIGNED_INT 4
| #define SIZEOF_LONG_INT 4
| #define SIZEOF_UNSIGNED_LONG_INT 4
| #define SIZEOF_SHORT_INT 2
| #define SIZEOF_UNSIGNED_SHORT_INT 2
| #define HAVE_CLOCK_GETTIME /**/
| /* end confdefs.h.  */
| 
|     #include <boost/version.hpp>
| 
| int
| main ()
| {
| 
|     #if BOOST_VERSION >= 105500
|     // Everything is okay
|     #else
|     #  error Boost version is too old
|     #endif
| 
|   ;
|   return 0;
| }
configure:6529: g++ -c -g -O2  -I/include/boost-0 conftest.cpp >&5
conftest.cpp:35:37: fatal error: boost/version.hpp: No such file or directory
         #include <boost/version.hpp>
                                     ^
compilation terminated.
configure:6529: $? = 1
configure: failed program was:
| /* confdefs.h */
| #define PACKAGE_NAME "PolyORB-HI/C"
| #define PACKAGE_TARNAME "polyorb-hi-c"
| #define PACKAGE_VERSION "2017.x"
| #define PACKAGE_STRING "PolyORB-HI/C 2017.x"
| #define PACKAGE_BUGREPORT ""
| #define PACKAGE_URL ""
| #define PACKAGE "polyorb-hi-c"
| #define VERSION "2017.x"
| #define STDC_HEADERS 1
| #define HAVE_SYS_TYPES_H 1
| #define HAVE_SYS_STAT_H 1
| #define HAVE_STDLIB_H 1
| #define HAVE_STRING_H 1
| #define HAVE_MEMORY_H 1
| #define HAVE_STRINGS_H 1
| #define HAVE_INTTYPES_H 1
| #define HAVE_STDINT_H 1
| #define HAVE_UNISTD_H 1
| #define HAVE__BOOL 1
| #define HAVE_STDBOOL_H 1
| #define SIZEOF_CHAR 1
| #define SIZEOF_FLOAT 4
| #define SIZEOF_DOUBLE 8
| #define SIZEOF_LONG_DOUBLE 12
| #define SIZEOF_INT 4
| #define SIZEOF_UNSIGNED_INT 4
| #define SIZEOF_LONG_INT 4
| #define SIZEOF_UNSIGNED_LONG_INT 4
| #define SIZEOF_SHORT_INT 2
| #define SIZEOF_UNSIGNED_SHORT_INT 2
| #define HAVE_CLOCK_GETTIME /**/
| /* end confdefs.h.  */
| 
|         #include <boost/version.hpp>
| 
| int
| main ()
| {
| 
|         #if BOOST_VERSION >= 105500
|         // Everything is okay
|         #else
|         #  error Boost version is too old
|         #endif
| 
|   ;
|   return 0;
| }
configure:6548: We could not detect the boost libraries (version 1.55 or higher). If you have a staged boost library (still not installed) please specify $BOOST_ROOT in your environment and do not give a PATH to --with-boost option.  If you are sure you have boost installed, then check your version number looking in <boost/version.hpp>. See http://randspringer.de/boost for more documentation.
configure:6693: checking that generated files are newer than configure
configure:6699: result: done
configure:6731: creating ./config.status

## ---------------------- ##
## Running config.status. ##
## ---------------------- ##

This file was extended by PolyORB-HI/C config.status 2017.x, which was
generated by GNU Autoconf 2.69.  Invocation command line was

  CONFIG_FILES    = 
  CONFIG_HEADERS  = 
  CONFIG_LINKS    = 
  CONFIG_COMMANDS = 
  $ ./config.status 

on prise-space-6

config.status:957: creating Makefile
config.status:957: creating doc/Makefile
config.status:957: creating src/Makefile
config.status:957: creating src/drivers/Makefile
config.status:957: creating src/drivers/configuration/Makefile
config.status:957: creating src/monitoring/Makefile
config.status:957: creating src/monitoring/cheddar_scheduling/Makefile
config.status:957: creating src/python/Makefile
config.status:957: creating src/simulator/Makefile
config.status:957: creating include/Makefile
config.status:957: creating include/drivers/Makefile
config.status:957: creating include/drivers/configuration/Makefile
config.status:957: creating include/monitoring/Makefile
config.status:957: creating include/simulator/Makefile
config.status:957: creating examples/Makefile
config.status:957: creating examples/aadlv1/Makefile
config.status:957: creating examples/aadlv1/d3.1.3-1/Makefile
config.status:957: creating examples/aadlv1/ping/Makefile
config.status:957: creating examples/aadlv1/flight-mgmt/Makefile
config.status:957: creating examples/aadlv1/rma/Makefile
config.status:957: creating examples/aadlv1/sunseeker/Makefile
config.status:957: creating examples/aadlv2/Makefile
config.status:957: creating examples/aadlv2/cpp/Makefile
config.status:957: creating examples/aadlv2/d3.1.3-1/Makefile
config.status:957: creating examples/aadlv2/import/Makefile
config.status:957: creating examples/aadlv2/ping/Makefile
config.status:957: creating examples/aadlv2/lua/Makefile
config.status:957: creating examples/aadlv2/producer-consumer/Makefile
config.status:957: creating examples/aadlv2/flight-mgmt/Makefile
config.status:957: creating examples/aadlv2/monitor/Makefile
config.status:957: creating examples/aadlv2/packet-store/Makefile
config.status:957: creating examples/aadlv2/file-store/Makefile
config.status:957: creating examples/aadlv2/rma/Makefile
config.status:957: creating examples/aadlv2/some-types/Makefile
config.status:957: creating examples/aadlv2/some-types-stdint/Makefile
config.status:957: creating examples/aadlv2/sunseeker/Makefile
config.status:957: creating tools/Makefile
config.status:957: creating tools/check-symbols/Makefile
config.status:957: creating tools/check-symbols/examples/Makefile
config.status:957: creating tools/check-symbols/examples/malloc/Makefile
config.status:957: creating tools/check-symbols/examples/strings/Makefile
config.status:957: creating tools/check-symbols/src/Makefile
config.status:957: creating share/Makefile
config.status:957: creating share/lua/Makefile
config.status:957: creating share/lua/libs/Makefile
config.status:957: creating share/lua/include/Makefile
config.status:957: creating share/cheddar/Makefile
config.status:957: creating share/models/Makefile
config.status:957: creating share/ocarina/Makefile
config.status:957: creating share/tsim/Makefile
config.status:957: creating share/make/Makefile
config.status:957: creating share/utils/Makefile
config.status:957: creating share/make/Makefile.common
config.status:957: creating share/make/Makefile.native
config.status:957: creating support/Makefile
config.status:957: creating include/po_hi_config.h
config.status:1186: executing depfiles commands

## ---------------- ##
## Cache variables. ##
## ---------------- ##

ac_cv_build=i686-pc-linux-gnu
ac_cv_c_bigendian=no
ac_cv_c_compiler_gnu=yes
ac_cv_cxx_compiler_gnu=yes
ac_cv_env_CCC_set=
ac_cv_env_CCC_value=
ac_cv_env_CC_set=
ac_cv_env_CC_value=
ac_cv_env_CFLAGS_set=
ac_cv_env_CFLAGS_value=
ac_cv_env_CPPFLAGS_set=
ac_cv_env_CPPFLAGS_value=
ac_cv_env_CPP_set=
ac_cv_env_CPP_value=
ac_cv_env_CXXFLAGS_set=
ac_cv_env_CXXFLAGS_value=
ac_cv_env_CXX_set=
ac_cv_env_CXX_value=
ac_cv_env_LDFLAGS_set=
ac_cv_env_LDFLAGS_value=
ac_cv_env_LIBS_set=
ac_cv_env_LIBS_value=
ac_cv_env_build_alias_set=
ac_cv_env_build_alias_value=
ac_cv_env_host_alias_set=
ac_cv_env_host_alias_value=
ac_cv_env_target_alias_set=
ac_cv_env_target_alias_value=
ac_cv_func_clock_gettime=yes
ac_cv_header_inttypes_h=yes
ac_cv_header_memory_h=yes
ac_cv_header_stdbool_h=yes
ac_cv_header_stdc=yes
ac_cv_header_stdint_h=yes
ac_cv_header_stdlib_h=yes
ac_cv_header_string_h=yes
ac_cv_header_strings_h=yes
ac_cv_header_sys_stat_h=yes
ac_cv_header_sys_types_h=yes
ac_cv_header_unistd_h=yes
ac_cv_host=i686-pc-linux-gnu
ac_cv_lib_socket_socket=no
ac_cv_objext=o
ac_cv_path_EGREP='grep -E'
ac_cv_path_GREP=grep
ac_cv_path_OCARINA_CONFIG=/home/francis/ocarina-build/ocarina_install/bin//ocarina-config
ac_cv_path_install='/usr/bin/install -c'
ac_cv_path_mkdir=/bin/mkdir
ac_cv_prog_AWK=mawk
ac_cv_prog_CHMOD=chmod
ac_cv_prog_CP=cp
ac_cv_prog_CPP='gcc -E'
ac_cv_prog_GREP=grep
ac_cv_prog_MV=mv
ac_cv_prog_RM=rm
ac_cv_prog_ac_ct_CC=gcc
ac_cv_prog_ac_ct_CXX=g++
ac_cv_prog_cc_c89=
ac_cv_prog_cc_g=yes
ac_cv_prog_cxx_g=yes
ac_cv_prog_make_make_set=yes
ac_cv_sizeof_char=1
ac_cv_sizeof_double=8
ac_cv_sizeof_float=4
ac_cv_sizeof_int=4
ac_cv_sizeof_long_double=12
ac_cv_sizeof_long_int=4
ac_cv_sizeof_short_int=2
ac_cv_sizeof_unsigned_int=4
ac_cv_sizeof_unsigned_long_int=4
ac_cv_sizeof_unsigned_short_int=2
ac_cv_type__Bool=yes
am_cv_CC_dependencies_compiler_type=none
am_cv_CXX_dependencies_compiler_type=none
am_cv_make_support_nested_variables=yes
am_cv_prog_cc_c_o=yes
am_cv_prog_tar_pax=gnutar

## ----------------- ##
## Output variables. ##
## ----------------- ##

ACLOCAL='${SHELL} /home/francis/polyorb-hi-c/support/missing aclocal-1.15'
AMDEPBACKSLASH='\'
AMDEP_FALSE='#'
AMDEP_TRUE=''
AMTAR='$${TAR-tar}'
AM_BACKSLASH='\'
AM_DEFAULT_V='$(AM_DEFAULT_VERBOSITY)'
AM_DEFAULT_VERBOSITY='1'
AM_V='$(V)'
AUTOCONF='${SHELL} /home/francis/polyorb-hi-c/support/missing autoconf'
AUTOHEADER='${SHELL} /home/francis/polyorb-hi-c/support/missing autoheader'
AUTOMAKE='${SHELL} /home/francis/polyorb-hi-c/support/missing automake-1.15'
AWK='mawk'
BIBTEX=''
BOOST_CPPFLAGS='-I/include/boost-0'
BOOST_LDFLAGS='-L/lib'
CC='gcc'
CCDEPMODE='depmode=none'
CFLAGS='-Wall -O'
CHMOD='chmod'
CP='cp'
CPP='gcc -E'
CPPFLAGS=''
CXX='g++'
CXXDEPMODE='depmode=none'
CXXFLAGS='-g -O2'
CYGPATH_U='echo'
CYGPATH_W='echo'
DEFS='-DHAVE_CONFIG_H'
DEPDIR='.deps'
DOC_TARGETS=''
ECHO_C=''
ECHO_N='-n'
ECHO_T=''
EGREP='grep -E'
EXEEXT=''
GREP='grep'
HAS_LUA_=''
HAS_LUA_FALSE=''
HAS_LUA_TRUE='#'
INSTALL_DATA='${INSTALL} -m 644'
INSTALL_PROGRAM='${INSTALL}'
INSTALL_SCRIPT='${INSTALL}'
INSTALL_STRIP_PROGRAM='$(install_sh) -c -s'
LDFLAGS=''
LIBOBJS=''
LIBS=''
LTLIBOBJS=''
MAKEINFO='${SHELL} /home/francis/polyorb-hi-c/support/missing makeinfo'
MKDIR_P='/bin/mkdir -p'
MV='mv'
NATIVE_CFLAGS=' -DPOSIX -D_POSIX_SOURCE -D_GNU_SOURCE'
NATIVE_LDFLAGS=' -lpthread -lrt'
OBJEXT='o'
OCARINA_ADAFLAGS='-aI/home/francis/ocarina-build/ocarina_install/include/ocarina -aO/home/francis/ocarina-build/ocarina_install/lib/ocarina'
OCARINA_CONFIG='/home/francis/ocarina-build/ocarina_install/bin//ocarina-config'
OCARINA_LIBS='-L/home/francis/ocarina-build/ocarina_install/lib -locarina-config -locarina-transfo -locarina-frontends -locarina-backends -locarina'
OCARINA_PREFIX='/home/francis/ocarina-build/ocarina_install'
OCARINA_RESOURCES='/home/francis/ocarina-build/ocarina_install/share/ocarina'
OCARINA_RUNTIME='/home/francis/ocarina-build/ocarina_install/include/ocarina/runtime'
PACKAGE='polyorb-hi-c'
PACKAGE_BUGREPORT=''
PACKAGE_NAME='PolyORB-HI/C'
PACKAGE_STRING='PolyORB-HI/C 2017.x'
PACKAGE_TARNAME='polyorb-hi-c'
PACKAGE_URL=''
PACKAGE_VERSION='2017.x'
PATH_SEPARATOR=':'
RM='rm'
SET_MAKE=''
SHELL='/bin/sh'
SIMULINK_LDFLAGS='-lm'
STRIP=''
TEX=''
TEXI2HTML=''
VERSION='2017.x'
ac_ct_CC='gcc'
ac_ct_CXX='g++'
am__EXEEXT_FALSE=''
am__EXEEXT_TRUE='#'
am__fastdepCC_FALSE=''
am__fastdepCC_TRUE='#'
am__fastdepCXX_FALSE=''
am__fastdepCXX_TRUE='#'
am__include='include'
am__isrc=''
am__leading_dot='.'
am__nodep='_no'
am__quote=''
am__tar='tar --format=posix -chf - "$$tardir"'
am__untar='tar -xf -'
bindir='${exec_prefix}/bin'
build='i686-pc-linux-gnu'
build_alias=''
build_cpu='i686'
build_os='linux-gnu'
build_vendor='pc'
datadir='${datarootdir}'
datarootdir='${prefix}/share'
docdir='${datarootdir}/doc/${PACKAGE_TARNAME}'
dvidir='${docdir}'
exec_prefix='${prefix}'
host='i686-pc-linux-gnu'
host_alias=''
host_cpu='i686'
host_os='linux-gnu'
host_vendor='pc'
htmldir='${docdir}'
includedir='${prefix}/include'
infodir='${datarootdir}/info'
install_sh='${SHELL} /home/francis/polyorb-hi-c/support/install-sh'
libdir='${exec_prefix}/lib'
libexecdir='${exec_prefix}/libexec'
localedir='${datarootdir}/locale'
localstatedir='${prefix}/var'
mandir='${datarootdir}/man'
mkdir_p='$(MKDIR_P)'
oldincludedir='/usr/include'
pdfdir='${docdir}'
prefix='$(OCARINA_PREFIX)'
program_transform_name='s,x,x,'
psdir='${docdir}'
runstatedir='${localstatedir}/run'
sbindir='${exec_prefix}/sbin'
sharedstatedir='${prefix}/com'
sysconfdir='${prefix}/etc'
target_alias=''

## ----------- ##
## confdefs.h. ##
## ----------- ##

/* confdefs.h */
#define PACKAGE_NAME "PolyORB-HI/C"
#define PACKAGE_TARNAME "polyorb-hi-c"
#define PACKAGE_VERSION "2017.x"
#define PACKAGE_STRING "PolyORB-HI/C 2017.x"
#define PACKAGE_BUGREPORT ""
#define PACKAGE_URL ""
#define PACKAGE "polyorb-hi-c"
#define VERSION "2017.x"
#define STDC_HEADERS 1
#define HAVE_SYS_TYPES_H 1
#define HAVE_SYS_STAT_H 1
#define HAVE_STDLIB_H 1
#define HAVE_STRING_H 1
#define HAVE_MEMORY_H 1
#define HAVE_STRINGS_H 1
#define HAVE_INTTYPES_H 1
#define HAVE_STDINT_H 1
#define HAVE_UNISTD_H 1
#define HAVE__BOOL 1
#define HAVE_STDBOOL_H 1
#define SIZEOF_CHAR 1
#define SIZEOF_FLOAT 4
#define SIZEOF_DOUBLE 8
#define SIZEOF_LONG_DOUBLE 12
#define SIZEOF_INT 4
#define SIZEOF_UNSIGNED_INT 4
#define SIZEOF_LONG_INT 4
#define SIZEOF_UNSIGNED_LONG_INT 4
#define SIZEOF_SHORT_INT 2
#define SIZEOF_UNSIGNED_SHORT_INT 2
#define HAVE_CLOCK_GETTIME /**/

configure: exit 0
